=== Pre-flight ===
CUDA 12.4  NVIDIA GeForce RTX 4090  25.3 GB  torch 2.4.1+cu124

=== 1/2: crossover sweep (wave vs naive/flash softmax, 1k..64k) ===
Device: cuda  amp=True  batch=8  dim=256  heads=8

-- L=1024 (1024 tokens) --
  softmax_naive    fwd     2.32ms  step     6.32ms  1122MB
  softmax_flash    fwd     0.38ms  step     1.56ms  94MB
  wave_base        fwd     2.33ms  step     7.06ms  132MB
  wave_upgraded    fwd     2.89ms  step     8.98ms  140MB

-- L=2048 (2048 tokens) --
  softmax_naive    fwd     8.48ms  step    22.98ms  4372MB
  softmax_flash    fwd     0.39ms  step     1.76ms  170MB
  wave_base        fwd     2.19ms  step     7.41ms  245MB
  wave_upgraded    fwd     2.82ms  step     9.13ms  262MB

-- L=4096 (4096 tokens) --
  softmax_naive    fwd    33.33ms  step    90.20ms  17316MB
  softmax_flash    fwd     1.13ms  step     4.25ms  321MB
  wave_base        fwd     2.26ms  step     6.42ms  472MB
  wave_upgraded    fwd     2.80ms  step     8.70ms  506MB

-- L=8192 (8192 tokens) --
  softmax_naive    OOM/err: CUDA out of memory. Tried to allocate 16.00 GiB. GPU 0 has a
  softmax_flash    fwd     3.92ms  step    15.01ms  624MB
  wave_base        fwd     3.19ms  step     9.30ms  926MB
  wave_upgraded    fwd     3.31ms  step     8.98ms  932MB

-- L=16384 (16384 tokens) --
  softmax_naive    OOM/err: CUDA out of memory. Tried to allocate 32.00 GiB. GPU 0 has a
  softmax_flash    fwd    14.78ms  step    55.86ms  1230MB
  wave_base        fwd     6.14ms  step    18.77ms  1834MB
  wave_upgraded    fwd     5.57ms  step    17.10ms  1844MB

-- L=32768 (32768 tokens) --
  softmax_naive    OOM/err: CUDA out of memory. Tried to allocate 128.00 GiB. GPU 0 has 
  softmax_flash    fwd    59.88ms  step   215.17ms  2442MB
  wave_base        fwd    12.15ms  step    38.34ms  3650MB
  wave_upgraded    fwd    10.86ms  step    34.91ms  4053MB

-- L=65536 (65536 tokens) --
  softmax_naive    OOM/err: CUDA out of memory. Tried to allocate 512.00 GiB. GPU 0 has 
  softmax_flash    fwd   249.29ms  step   881.73ms  4867MB
  wave_base        fwd    29.47ms  step    84.36ms  7279MB
  wave_upgraded    fwd    26.33ms  step    77.02ms  8087MB

=== Crossover summary (wave_base vs FlashAttention softmax) ===
  wave faster per step from:      8192 tokens
  wave lower peak memory from:    not within swept range tokens
  at L=65536: wave 10.45x faster/step, 0.67x less memory vs flash-softmax

Plot  → outputs/crossover/crossover.png
Wrote → outputs/crossover/crossover.json

=== Auto-push ===
To https://github.com/sewardwi/wave-field-diffusion.git
   5edc731..4033956  main -> main
  pushed ✓

=== 2/2: full-model audio benchmark @ 1024 tokens (fair SDPA softmax) ===
Device: NVIDIA GeForce RTX 4090  torch 2.4.1+cu124  tokens=1024  bs=64  amp=True
  benchmarking standard (softmax) …
  benchmarking wave (base) …
  benchmarking wave (dyn+hyena) …

=== Audio model benchmark @ 1024 tokens, bs 64 ===
  operator                 params    fwd ms   step ms   peak MB
  -------------------- ---------- --------- --------- ---------
  standard (softmax)    1,721,872      8.88     36.49      2448
  wave (base)           1,846,072     12.67     58.86      3394
  wave (dyn+hyena)      1,991,584     14.09     76.23      3603

  vs softmax (step time / peak mem):
    wave (base)          1.61x slower step, 0.72x less memory
    wave (dyn+hyena)     2.09x slower step, 0.68x less memory

Wrote → outputs/audio_bench/audio_bench.json

=== Auto-push ===
To https://github.com/sewardwi/wave-field-diffusion.git
   4033956..bddf82f  main -> main
  pushed ✓

Done. Crossover: outputs/crossover/{crossover.json,crossover.png}; full-model: outputs/audio_bench/audio_bench.json

=== Run ended ===

=== Auto-push ===
